2022-11-30 01:35:47	/volume1/web/hacman-wiki/data/pages/start.txt	Warning: current file modification time is older than last revision date
  File revision: 1667682217 2022-11-05 21:03:37
  Last revision: 1669576322 2022-11-27 19:12:02
2022-11-30 01:38:43	/volume1/web/hacman-wiki/data/pages/start.txt	Warning: current file modification time is older than last revision date
  File revision: 1667682217 2022-11-05 21:03:37
  Last revision: 1669576322 2022-11-27 19:12:02
2022-11-30 01:38:49	/volume1/web/hacman-wiki/data/pages/start.txt	Warning: current file modification time is older than last revision date
  File revision: 1667682217 2022-11-05 21:03:37
  Last revision: 1669576322 2022-11-27 19:12:02
2022-11-30 01:38:53	/volume1/web/hacman-wiki/data/pages/start.txt	Warning: current file modification time is older than last revision date
  File revision: 1667682217 2022-11-05 21:03:37
  Last revision: 1669576322 2022-11-27 19:12:02
2022-11-30 01:38:53	/volume1/web/hacman-wiki/data/pages/start.txt	Warning: current file modification time is older than last revision date
  File revision: 1667682217 2022-11-05 21:03:37
  Last revision: 1669576322 2022-11-27 19:12:02
2022-11-30 09:36:07	/volume1/web/hacman-wiki/data/pages/start.txt	Warning: current file modification time is older than last revision date
  File revision: 1667682217 2022-11-05 21:03:37
  Last revision: 1669576322 2022-11-27 19:12:02
2022-11-30 21:04:04	/volume1/web/hacman-wiki/data/pages/start.txt	Warning: current file modification time is older than last revision date
  File revision: 1667682217 2022-11-05 21:03:37
  Last revision: 1669576322 2022-11-27 19:12:02
2022-11-30 21:04:57	/volume1/web/hacman-wiki/data/pages/start.txt	Warning: current file modification time is older than last revision date
  File revision: 1667682217 2022-11-05 21:03:37
  Last revision: 1669576322 2022-11-27 19:12:02
2022-11-30 21:23:43	/volume1/web/hacman-wiki/data/pages/start.txt	Warning: current file modification time is older than last revision date
  File revision: 1667682217 2022-11-05 21:03:37
  Last revision: 1669576322 2022-11-27 19:12:02
2022-11-30 21:29:58	/volume1/web/hacman-wiki/data/pages/start.txt	Warning: current file modification time is older than last revision date
  File revision: 1667682217 2022-11-05 21:03:37
  Last revision: 1669576322 2022-11-27 19:12:02
2022-11-30 21:30:01	/volume1/web/hacman-wiki/data/pages/start.txt	Warning: current file modification time is older than last revision date
  File revision: 1667682217 2022-11-05 21:03:37
  Last revision: 1669576322 2022-11-27 19:12:02
2022-11-30 21:30:29	/volume1/web/hacman-wiki/data/pages/start.txt	Warning: current file modification time is older than last revision date
  File revision: 1667682217 2022-11-05 21:03:37
  Last revision: 1669576322 2022-11-27 19:12:02
2022-11-30 21:30:29	/volume1/web/hacman-wiki/data/pages/start.txt	Warning: current file modification time is older than last revision date
  File revision: 1667682217 2022-11-05 21:03:37
  Last revision: 1669576322 2022-11-27 19:12:02
2022-11-30 21:30:31	/volume1/web/hacman-wiki/data/pages/start.txt	Warning: current file modification time is older than last revision date
  File revision: 1667682217 2022-11-05 21:03:37
  Last revision: 1669576322 2022-11-27 19:12:02
2022-11-30 21:30:31	/volume1/web/hacman-wiki/data/pages/start.txt	Warning: current file modification time is older than last revision date
  File revision: 1667682217 2022-11-05 21:03:37
  Last revision: 1669576322 2022-11-27 19:12:02
2022-11-30 21:30:31	/volume1/web/hacman-wiki/data/pages/start.txt	PageFile(start)::detectExternalEdit(): timestamp successfully modified
  (1667682217 -> 1669576323)
